<?xml version="1.0" encoding="UTF-8"?>
<!-- Generated by org.testng.reporters.JUnitXMLReporter -->
<testsuite hostname="IBM135-PC07QFAM" ignored="34" name="SanityTest" tests="18" failures="1" timestamp="26 Jun 2018 10:57:23 GMT" time="231.87" errors="0">
  <testcase name="patient_registration" time="0.008" classname="testcases.PatientRegistration">
    <skipped/>
  </testcase> <!-- patient_registration -->
  <testcase name="patient_Login" time="0.0" classname="testcases.PatientLogin">
    <skipped/>
  </testcase> <!-- patient_Login -->
  <testcase name="patientforgotpassword" time="0.0" classname="testcases.Patient_forgotPassword">
    <skipped/>
  </testcase> <!-- patientforgotpassword -->
  <testcase name="patientdetails_editandsave" time="0.001" classname="testcases.Patient_EditandSave">
    <skipped/>
  </testcase> <!-- patientdetails_editandsave -->
  <testcase name="patient_addCaregiver" time="0.0" classname="testcases.Patient_AddCaregiver">
    <skipped/>
  </testcase> <!-- patient_addCaregiver -->
  <testcase name="patient_addprescriber" time="0.001" classname="testcases.Patient_AddPrescriber">
    <skipped/>
  </testcase> <!-- patient_addprescriber -->
  <testcase name="patient_editprescriber" time="0.0" classname="testcases.Patient_Edit_PrescriberDetails">
    <skipped/>
  </testcase> <!-- patient_editprescriber -->
  <testcase name="patient_add_primaryInsurance" time="0.001" classname="testcases.Patient_Add_PrimaryMedInsurance">
    <skipped/>
  </testcase> <!-- patient_add_primaryInsurance -->
  <testcase name="patient_edit_primaryMedInsurance" time="0.0" classname="testcases.Patient_Edit_PrimaryMedInsurance">
    <skipped/>
  </testcase> <!-- patient_edit_primaryMedInsurance -->
  <testcase name="patient_add_secMedInsurance" time="0.001" classname="testcases.Patient_Add_SecondaryMedInsurance">
    <skipped/>
  </testcase> <!-- patient_add_secMedInsurance -->
  <testcase name="patient_edit_secMedInsurance" time="0.0" classname="testcases.Patient_Edit_SecondaryMedInsurance">
    <skipped/>
  </testcase> <!-- patient_edit_secMedInsurance -->
  <testcase name="patient_add_treatmentlocation" time="0.0" classname="testcases.Patient_Add_TreatmentLocation">
    <skipped/>
  </testcase> <!-- patient_add_treatmentlocation -->
  <testcase name="patient_edit_treatmentlocation" time="0.0" classname="testcases.Patient_Edit_TreatmentLocation">
    <skipped/>
  </testcase> <!-- patient_edit_treatmentlocation -->
  <testcase name="provider_reg_IndependentSite" time="229.705" classname="testcases.ProviderRegistration_IndependentSite">
    <failure type="java.lang.AssertionError" message="Locator is not correct">
      <![CDATA[java.lang.AssertionError: Locator is not correctat base.TestBase.getElement(TestBase.java:171)at base.TestBase.click(TestBase.java:133)at testcases.ProviderRegistration_IndependentSite.provider_reg_IndependentSite(ProviderRegistration_IndependentSite.java:205)... Removed 30 stack frames]]>
    </failure>
  </testcase> <!-- provider_reg_IndependentSite -->
  <testcase name="provider_Login" time="0.001" classname="testcases.ProviderLogin">
    <skipped/>
  </testcase> <!-- provider_Login -->
  <testcase name="providerforgotpassword" time="0.0" classname="testcases.Provider_forgotPassword">
    <skipped/>
  </testcase> <!-- providerforgotpassword -->
  <testcase name="provider_reg_newNetworksite" time="0.001" classname="testcases.ProviderRegistration_NewNetworkSite">
    <skipped/>
  </testcase> <!-- provider_reg_newNetworksite -->
  <testcase name="provider_reg_searchExistingSite" time="0.001" classname="testcases.ProviderRegistration_SearchExistingSite">
    <skipped/>
  </testcase> <!-- provider_reg_searchExistingSite -->
  <testcase name="@BeforeSuite setUp" time="0.0" classname="base.TestBase">
    <ignored/>
  </testcase> <!-- @BeforeSuite setUp -->
  <testcase name="@BeforeSuite setUp" time="0.0" classname="base.TestBase">
    <ignored/>
  </testcase> <!-- @BeforeSuite setUp -->
  <testcase name="@BeforeSuite setUp" time="0.0" classname="base.TestBase">
    <ignored/>
  </testcase> <!-- @BeforeSuite setUp -->
  <testcase name="@BeforeSuite setUp" time="0.0" classname="base.TestBase">
    <ignored/>
  </testcase> <!-- @BeforeSuite setUp -->
  <testcase name="@BeforeSuite setUp" time="0.0" classname="base.TestBase">
    <ignored/>
  </testcase> <!-- @BeforeSuite setUp -->
  <testcase name="@BeforeSuite setUp" time="0.0" classname="base.TestBase">
    <ignored/>
  </testcase> <!-- @BeforeSuite setUp -->
  <testcase name="@BeforeSuite setUp" time="0.0" classname="base.TestBase">
    <ignored/>
  </testcase> <!-- @BeforeSuite setUp -->
  <testcase name="@BeforeSuite setUp" time="0.0" classname="base.TestBase">
    <ignored/>
  </testcase> <!-- @BeforeSuite setUp -->
  <testcase name="@BeforeSuite setUp" time="0.0" classname="base.TestBase">
    <ignored/>
  </testcase> <!-- @BeforeSuite setUp -->
  <testcase name="@BeforeSuite setUp" time="0.0" classname="base.TestBase">
    <ignored/>
  </testcase> <!-- @BeforeSuite setUp -->
  <testcase name="@BeforeSuite setUp" time="0.0" classname="base.TestBase">
    <ignored/>
  </testcase> <!-- @BeforeSuite setUp -->
  <testcase name="@BeforeSuite setUp" time="0.0" classname="base.TestBase">
    <ignored/>
  </testcase> <!-- @BeforeSuite setUp -->
  <testcase name="@BeforeSuite setUp" time="0.0" classname="base.TestBase">
    <ignored/>
  </testcase> <!-- @BeforeSuite setUp -->
  <testcase name="@BeforeSuite setUp" time="0.0" classname="base.TestBase">
    <ignored/>
  </testcase> <!-- @BeforeSuite setUp -->
  <testcase name="@BeforeSuite setUp" time="0.0" classname="base.TestBase">
    <ignored/>
  </testcase> <!-- @BeforeSuite setUp -->
  <testcase name="@BeforeSuite setUp" time="0.0" classname="base.TestBase">
    <ignored/>
  </testcase> <!-- @BeforeSuite setUp -->
  <testcase name="@BeforeSuite setUp" time="0.0" classname="base.TestBase">
    <ignored/>
  </testcase> <!-- @BeforeSuite setUp -->
  <testcase name="@AfterSuite tearDown" time="0.0" classname="base.TestBase">
    <ignored/>
  </testcase> <!-- @AfterSuite tearDown -->
  <testcase name="@AfterSuite tearDown" time="0.0" classname="base.TestBase">
    <ignored/>
  </testcase> <!-- @AfterSuite tearDown -->
  <testcase name="@AfterSuite tearDown" time="0.0" classname="base.TestBase">
    <ignored/>
  </testcase> <!-- @AfterSuite tearDown -->
  <testcase name="@AfterSuite tearDown" time="0.0" classname="base.TestBase">
    <ignored/>
  </testcase> <!-- @AfterSuite tearDown -->
  <testcase name="@AfterSuite tearDown" time="0.0" classname="base.TestBase">
    <ignored/>
  </testcase> <!-- @AfterSuite tearDown -->
  <testcase name="@AfterSuite tearDown" time="0.0" classname="base.TestBase">
    <ignored/>
  </testcase> <!-- @AfterSuite tearDown -->
  <testcase name="@AfterSuite tearDown" time="0.0" classname="base.TestBase">
    <ignored/>
  </testcase> <!-- @AfterSuite tearDown -->
  <testcase name="@AfterSuite tearDown" time="0.0" classname="base.TestBase">
    <ignored/>
  </testcase> <!-- @AfterSuite tearDown -->
  <testcase name="@AfterSuite tearDown" time="0.0" classname="base.TestBase">
    <ignored/>
  </testcase> <!-- @AfterSuite tearDown -->
  <testcase name="@AfterSuite tearDown" time="0.0" classname="base.TestBase">
    <ignored/>
  </testcase> <!-- @AfterSuite tearDown -->
  <testcase name="@AfterSuite tearDown" time="0.0" classname="base.TestBase">
    <ignored/>
  </testcase> <!-- @AfterSuite tearDown -->
  <testcase name="@AfterSuite tearDown" time="0.0" classname="base.TestBase">
    <ignored/>
  </testcase> <!-- @AfterSuite tearDown -->
  <testcase name="@AfterSuite tearDown" time="0.0" classname="base.TestBase">
    <ignored/>
  </testcase> <!-- @AfterSuite tearDown -->
  <testcase name="@AfterSuite tearDown" time="0.0" classname="base.TestBase">
    <ignored/>
  </testcase> <!-- @AfterSuite tearDown -->
  <testcase name="@AfterSuite tearDown" time="0.0" classname="base.TestBase">
    <ignored/>
  </testcase> <!-- @AfterSuite tearDown -->
  <testcase name="@AfterSuite tearDown" time="0.0" classname="base.TestBase">
    <ignored/>
  </testcase> <!-- @AfterSuite tearDown -->
  <testcase name="@AfterSuite tearDown" time="0.0" classname="base.TestBase">
    <ignored/>
  </testcase> <!-- @AfterSuite tearDown -->
</testsuite> <!-- SanityTest -->
