<?xml version="1.0" encoding="UTF-8"?>
<testsuite xmlns:xsi="http://www.w3.org/2001/XMLSchema-instance" xsi:noNamespaceSchemaLocation="https://maven.apache.org/surefire/maven-surefire-plugin/xsd/surefire-test-report.xsd" name="TestSuite" time="237.445" tests="18" errors="0" skipped="17" failures="1">
  <properties>
[...]
</properties>
  <testcase name="patient_registration" classname="testcases.PatientRegistration" time="0">
    <skipped message="Skipping the test PatientRegistrationas the Run mode is set as NO"/>
    <system-err><![CDATA[Starting ChromeDriver 2.38.552522 (437e6fbedfa8762dec75e2c5b3ddb86763dc9dcb) on port 29141
Only local connections are allowed.
log4j:WARN No appenders could be found for logger (org.apache.http.client.protocol.RequestAddCookies).
log4j:WARN Please initialize the log4j system properly.
log4j:WARN See http://logging.apache.org/log4j/1.2/faq.html#noconfig for more info.
Jun 26, 2018 4:23:31 PM org.openqa.selenium.remote.ProtocolHandshake createSession
INFO: Detected dialect: OSS
]]></system-err>
  </testcase>
  <testcase name="patient_Login" classname="testcases.PatientLogin" time="0">
    <skipped message="Skipping the test PatientLoginas the Run mode is NO"/>
  </testcase>
  <testcase name="patientforgotpassword" classname="testcases.Patient_forgotPassword" time="0">
    <skipped message="Method Patient_forgotPassword.patientforgotpassword(java.util.Hashtable)[pri:0, instance:testcases.Patient_forgotPassword@54a7079e] depends on not successfully finished methods"/>
  </testcase>
  <testcase name="patientdetails_editandsave" classname="testcases.Patient_EditandSave" time="0">
    <skipped message="Skipping the test Patient_EditandSaveas the Run mode is set as NO"/>
  </testcase>
  <testcase name="patient_addCaregiver" classname="testcases.Patient_AddCaregiver" time="0">
    <skipped message="Skipping the test Patient_AddCaregiveras the Run mode is set as NO"/>
  </testcase>
  <testcase name="patient_addprescriber" classname="testcases.Patient_AddPrescriber" time="0">
    <skipped message="Skipping the test Patient_AddPrescriberas the Run mode is set as NO"/>
  </testcase>
  <testcase name="patient_editprescriber" classname="testcases.Patient_Edit_PrescriberDetails" time="0">
    <skipped message="Method Patient_Edit_PrescriberDetails.patient_editprescriber(java.util.Hashtable)[pri:0, instance:testcases.Patient_Edit_PrescriberDetails@2dc54ad4] depends on not successfully finished methods"/>
  </testcase>
  <testcase name="patient_add_primaryInsurance" classname="testcases.Patient_Add_PrimaryMedInsurance" time="0">
    <skipped message="Skipping the test Add Primary Insuranceas the Run mode is set as NO"/>
  </testcase>
  <testcase name="patient_edit_primaryMedInsurance" classname="testcases.Patient_Edit_PrimaryMedInsurance" time="0">
    <skipped message="Method Patient_Edit_PrimaryMedInsurance.patient_edit_primaryMedInsurance(java.util.Hashtable)[pri:0, instance:testcases.Patient_Edit_PrimaryMedInsurance@4b0d79fc] depends on not successfully finished methods"/>
  </testcase>
  <testcase name="patient_add_secMedInsurance" classname="testcases.Patient_Add_SecondaryMedInsurance" time="0">
    <skipped message="Skipping the test Patient_Add_SecondaryMedInsuranceas the Run mode is set as NO"/>
  </testcase>
  <testcase name="patient_edit_secMedInsurance" classname="testcases.Patient_Edit_SecondaryMedInsurance" time="0">
    <skipped message="Skipping the test Patient_Edit_SecondaryMedInsuranceas the Run mode is set as NO"/>
  </testcase>
  <testcase name="patient_add_treatmentlocation" classname="testcases.Patient_Add_TreatmentLocation" time="0">
    <skipped message="Method Patient_Add_TreatmentLocation.patient_add_treatmentlocation(java.util.Hashtable)[pri:0, instance:testcases.Patient_Add_TreatmentLocation@2d710f1a] depends on not successfully finished methods"/>
  </testcase>
  <testcase name="patient_edit_treatmentlocation" classname="testcases.Patient_Edit_TreatmentLocation" time="0">
    <skipped message="Method Patient_Edit_TreatmentLocation.patient_edit_treatmentlocation(java.util.Hashtable)[pri:0, instance:testcases.Patient_Edit_TreatmentLocation@29215f06] depends on not successfully finished methods"/>
  </testcase>
  <testcase name="provider_reg_IndependentSite" classname="testcases.ProviderRegistration_IndependentSite" time="229.73">
    <failure message="Locator is not correct" type="java.lang.AssertionError">java.lang.AssertionError: Locator is not correct
	at testcases.ProviderRegistration_IndependentSite.provider_reg_IndependentSite(ProviderRegistration_IndependentSite.java:205)
</failure>
    <system-err><![CDATA[org.openqa.selenium.NoSuchElementException: no such element: Unable to locate element: {"method":"xpath","selector":".//*[contains(@data-ng-click,'c.submitmodal')]"}
  (Session info: chrome=67.0.3396.99)
  (Driver info: chromedriver=2.38.552522 (437e6fbedfa8762dec75e2c5b3ddb86763dc9dcb),platform=Windows NT 6.1.7601 SP1 x86_64) (WARNING: The server did not provide any stacktrace information)
Command duration or timeout: 0 milliseconds
For documentation on this error, please visit: http://seleniumhq.org/exceptions/no_such_element.html
Build info: version: '3.8.1', revision: '6e95a6684b', time: '2017-12-01T18:33:54.468Z'
System info: host: 'IBM135-PC07QFAM', ip: '9.204.101.234', os.name: 'Windows 7', os.arch: 'amd64', os.version: '6.1', java.version: '1.8.0_161'
Driver info: org.openqa.selenium.chrome.ChromeDriver
Capabilities {acceptInsecureCerts: false, acceptSslCerts: false, applicationCacheEnabled: false, browserConnectionEnabled: false, browserName: chrome, chrome: {chromedriverVersion: 2.38.552522 (437e6fbedfa876..., userDataDir: C:\Users\IBM_AD~1\AppData\L...}, cssSelectorsEnabled: true, databaseEnabled: false, handlesAlerts: true, hasTouchScreen: false, javascriptEnabled: true, locationContextEnabled: true, mobileEmulationEnabled: false, nativeEvents: true, networkConnectionEnabled: false, pageLoadStrategy: normal, platform: XP, platformName: XP, rotatable: false, setWindowRect: true, takesHeapSnapshot: true, takesScreenshot: true, unexpectedAlertBehaviour: , unhandledPromptBehavior: , version: 67.0.3396.99, webStorageEnabled: true}
Session ID: 2d186d3785f83525f83af615671c6bcb
*** Element info: {Using=xpath, value=.//*[contains(@data-ng-click,'c.submitmodal')]}
	at sun.reflect.NativeConstructorAccessorImpl.newInstance0(Native Method)
	at sun.reflect.NativeConstructorAccessorImpl.newInstance(Unknown Source)
	at sun.reflect.DelegatingConstructorAccessorImpl.newInstance(Unknown Source)
	at java.lang.reflect.Constructor.newInstance(Unknown Source)
	at org.openqa.selenium.remote.ErrorHandler.createThrowable(ErrorHandler.java:214)
	at org.openqa.selenium.remote.ErrorHandler.throwIfResponseFailed(ErrorHandler.java:166)
	at org.openqa.selenium.remote.http.JsonHttpResponseCodec.reconstructValue(JsonHttpResponseCodec.java:40)
	at org.openqa.selenium.remote.http.AbstractHttpResponseCodec.decode(AbstractHttpResponseCodec.java:80)
	at org.openqa.selenium.remote.http.AbstractHttpResponseCodec.decode(AbstractHttpResponseCodec.java:44)
	at org.openqa.selenium.remote.HttpCommandExecutor.execute(HttpCommandExecutor.java:164)
	at org.openqa.selenium.remote.service.DriverCommandExecutor.execute(DriverCommandExecutor.java:83)
	at org.openqa.selenium.remote.RemoteWebDriver.execute(RemoteWebDriver.java:601)
	at org.openqa.selenium.remote.RemoteWebDriver.findElement(RemoteWebDriver.java:371)
	at org.openqa.selenium.remote.RemoteWebDriver.findElementByXPath(RemoteWebDriver.java:473)
	at org.openqa.selenium.By$ByXPath.findElement(By.java:361)
	at org.openqa.selenium.remote.RemoteWebDriver.findElement(RemoteWebDriver.java:363)
	at base.TestBase.getElement(TestBase.java:163)
	at base.TestBase.click(TestBase.java:133)
	at testcases.ProviderRegistration_IndependentSite.provider_reg_IndependentSite(ProviderRegistration_IndependentSite.java:205)
	at sun.reflect.NativeMethodAccessorImpl.invoke0(Native Method)
	at sun.reflect.NativeMethodAccessorImpl.invoke(Unknown Source)
	at sun.reflect.DelegatingMethodAccessorImpl.invoke(Unknown Source)
	at java.lang.reflect.Method.invoke(Unknown Source)
	at org.testng.internal.MethodInvocationHelper.invokeMethod(MethodInvocationHelper.java:124)
	at org.testng.internal.Invoker.invokeMethod(Invoker.java:571)
	at org.testng.internal.Invoker.invokeTestMethod(Invoker.java:707)
	at org.testng.internal.Invoker.invokeTestMethods(Invoker.java:979)
	at org.testng.internal.TestMethodWorker.invokeTestMethods(TestMethodWorker.java:125)
	at org.testng.internal.TestMethodWorker.run(TestMethodWorker.java:109)
	at org.testng.TestRunner.privateRun(TestRunner.java:648)
	at org.testng.TestRunner.run(TestRunner.java:505)
	at org.testng.SuiteRunner.runTest(SuiteRunner.java:455)
	at org.testng.SuiteRunner.runSequentially(SuiteRunner.java:450)
	at org.testng.SuiteRunner.privateRun(SuiteRunner.java:415)
	at org.testng.SuiteRunner.run(SuiteRunner.java:364)
	at org.testng.SuiteRunnerWorker.runSuite(SuiteRunnerWorker.java:52)
	at org.testng.SuiteRunnerWorker.run(SuiteRunnerWorker.java:84)
	at org.testng.TestNG.runSuitesSequentially(TestNG.java:1187)
	at org.testng.TestNG.runSuitesLocally(TestNG.java:1116)
	at org.testng.TestNG.runSuites(TestNG.java:1028)
	at org.testng.TestNG.run(TestNG.java:996)
	at org.apache.maven.surefire.testng.TestNGExecutor.run(TestNGExecutor.java:283)
	at org.apache.maven.surefire.testng.TestNGXmlTestSuite.execute(TestNGXmlTestSuite.java:75)
	at org.apache.maven.surefire.testng.TestNGProvider.invoke(TestNGProvider.java:120)
	at org.apache.maven.surefire.booter.ForkedBooter.invokeProviderInSameClassLoader(ForkedBooter.java:379)
	at org.apache.maven.surefire.booter.ForkedBooter.runSuitesInProcess(ForkedBooter.java:340)
	at org.apache.maven.surefire.booter.ForkedBooter.execute(ForkedBooter.java:125)
	at org.apache.maven.surefire.booter.ForkedBooter.main(ForkedBooter.java:413)
]]></system-err>
  </testcase>
  <testcase name="provider_Login" classname="testcases.ProviderLogin" time="0">
    <skipped message="Skipping the test ProviderLoginas the Run mode is set as NO"/>
  </testcase>
  <testcase name="providerforgotpassword" classname="testcases.Provider_forgotPassword" time="0">
    <skipped message="Method Provider_forgotPassword.providerforgotpassword(java.util.Hashtable)[pri:0, instance:testcases.Provider_forgotPassword@48aca48b] depends on not successfully finished methods"/>
  </testcase>
  <testcase name="provider_reg_newNetworksite" classname="testcases.ProviderRegistration_NewNetworkSite" time="0">
    <skipped message="Skipping the test ProviderRegistration_NewNetworkSiteas the Run mode is set as NO"/>
  </testcase>
  <testcase name="provider_reg_searchExistingSite" classname="testcases.ProviderRegistration_SearchExistingSite" time="0">
    <skipped message="Skipping the test ProviderRegistration_SearchExistingSiteas the Run mode is set as NO"/>
  </testcase>
</testsuite>